Initialising grid with size 4738840.NSTEP = 0
NSTEP = 1
NSTEP = 2
NSTEP = 3
NSTEP = 4
NSTEP = 5
NSTEP = 6
NSTEP = 7
NSTEP = 8
NSTEP = 9
NSTEP = 10
NSTEP = 11
NSTEP = 12
NSTEP = 13
NSTEP = 14
NSTEP = 15
NSTEP = 16
NSTEP = 17
NSTEP = 18
NSTEP = 19
NSTEP = 20
NSTEP = 21
NSTEP = 22
NSTEP = 23
NSTEP = 24
NSTEP = 25
NSTEP = 26
NSTEP = 27
NSTEP = 28
NSTEP = 29
NSTEP = 30
NSTEP = 31
NSTEP = 32
NSTEP = 33
NSTEP = 34
NSTEP = 35
NSTEP = 36
NSTEP = 37
NSTEP = 38
NSTEP = 39
NSTEP = 40
NSTEP = 41
NSTEP = 42
NSTEP = 43
NSTEP = 44
NSTEP = 45
NSTEP = 46
NSTEP = 47
NSTEP = 48
NSTEP = 49
NSTEP = 50
NSTEP = 51
NSTEP = 52
NSTEP = 53
NSTEP = 54
NSTEP = 55
NSTEP = 56
NSTEP = 57
NSTEP = 58
NSTEP = 59
NSTEP = 60
NSTEP = 61
NSTEP = 62
NSTEP = 63
NSTEP = 64
NSTEP = 65
NSTEP = 66
NSTEP = 67
NSTEP = 68
NSTEP = 69
NSTEP = 70
NSTEP = 71
NSTEP = 72
NSTEP = 73
NSTEP = 74
NSTEP = 75
NSTEP = 76
NSTEP = 77
NSTEP = 78
NSTEP = 79
NSTEP = 80
NSTEP = 81
NSTEP = 82
NSTEP = 83
NSTEP = 84
NSTEP = 85
NSTEP = 86
NSTEP = 87
NSTEP = 88
NSTEP = 89
NSTEP = 90
NSTEP = 91
NSTEP = 92
NSTEP = 93
NSTEP = 94
NSTEP = 95
NSTEP = 96
NSTEP = 97
NSTEP = 98
NSTEP = 99
NSTEP = 100
NSTEP = 101
NSTEP = 102
NSTEP = 103
NSTEP = 104
NSTEP = 105
NSTEP = 106
NSTEP = 107
NSTEP = 108
NSTEP = 109
NSTEP = 110
NSTEP = 111
NSTEP = 112
NSTEP = 113
NSTEP = 114
NSTEP = 115
NSTEP = 116
NSTEP = 117
NSTEP = 118
NSTEP = 119
NSTEP = 120
NSTEP = 121
NSTEP = 122
NSTEP = 123
NSTEP = 124
NSTEP = 125
NSTEP = 126
NSTEP = 127
NSTEP = 128
NSTEP = 129
NSTEP = 130
NSTEP = 131
NSTEP = 132
NSTEP = 133
NSTEP = 134
NSTEP = 135
NSTEP = 136
NSTEP = 137
NSTEP = 138
NSTEP = 139
NSTEP = 140
NSTEP = 141
NSTEP = 142
NSTEP = 143
NSTEP = 144
NSTEP = 145
NSTEP = 146
NSTEP = 147
NSTEP = 148
NSTEP = 149
NSTEP = 150
NSTEP = 151
NSTEP = 152
NSTEP = 153
NSTEP = 154
NSTEP = 155
NSTEP = 156
NSTEP = 157
NSTEP = 158
NSTEP = 159
NSTEP = 160
NSTEP = 161
NSTEP = 162
NSTEP = 163
NSTEP = 164
NSTEP = 165
NSTEP = 166
NSTEP = 167
NSTEP = 168
NSTEP = 169
NSTEP = 170
NSTEP = 171
NSTEP = 172
NSTEP = 173
NSTEP = 174
NSTEP = 175
NSTEP = 176
NSTEP = 177
NSTEP = 178
NSTEP = 179
NSTEP = 180
NSTEP = 181
NSTEP = 182
NSTEP = 183
NSTEP = 184
NSTEP = 185
NSTEP = 186
NSTEP = 187
NSTEP = 188
NSTEP = 189
NSTEP = 190
NSTEP = 191
NSTEP = 192
NSTEP = 193
NSTEP = 194
NSTEP = 195
NSTEP = 196
NSTEP = 197
NSTEP = 198
NSTEP = 199
NSTEP = 200
NSTEP = 201
NSTEP = 202
NSTEP = 203
NSTEP = 204
NSTEP = 205
NSTEP = 206
NSTEP = 207
NSTEP = 208
NSTEP = 209
NSTEP = 210
NSTEP = 211
NSTEP = 212
NSTEP = 213
NSTEP = 214
NSTEP = 215
NSTEP = 216
NSTEP = 217
NSTEP = 218
NSTEP = 219
NSTEP = 220
NSTEP = 221
NSTEP = 222
NSTEP = 223
NSTEP = 224
NSTEP = 225
NSTEP = 226
NSTEP = 227
NSTEP = 228
NSTEP = 229
NSTEP = 230
NSTEP = 231
NSTEP = 232
NSTEP = 233
NSTEP = 234
NSTEP = 235
NSTEP = 236
NSTEP = 237
NSTEP = 238
NSTEP = 239
NSTEP = 240
NSTEP = 241
NSTEP = 242
NSTEP = 243
NSTEP = 244
NSTEP = 245
NSTEP = 246
NSTEP = 247
NSTEP = 248
NSTEP = 249
NSTEP = 250
NSTEP = 251
NSTEP = 252
NSTEP = 253
NSTEP = 254
NSTEP = 255
NSTEP = 256
NSTEP = 257
NSTEP = 258
NSTEP = 259
NSTEP = 260
NSTEP = 261
NSTEP = 262
NSTEP = 263
NSTEP = 264
NSTEP = 265
NSTEP = 266
NSTEP = 267
NSTEP = 268
NSTEP = 269
NSTEP = 270
NSTEP = 271
NSTEP = 272
NSTEP = 273
NSTEP = 274
NSTEP = 275
NSTEP = 276
NSTEP = 277
NSTEP = 278
NSTEP = 279
NSTEP = 280
NSTEP = 281
NSTEP = 282
NSTEP = 283
NSTEP = 284
NSTEP = 285
NSTEP = 286
NSTEP = 287
NSTEP = 288
NSTEP = 289
NSTEP = 290
NSTEP = 291
NSTEP = 292
NSTEP = 293
NSTEP = 294
NSTEP = 295
NSTEP = 296
NSTEP = 297
NSTEP = 298
NSTEP = 299
NSTEP = 300
NSTEP = 301
NSTEP = 302
NSTEP = 303
NSTEP = 304
NSTEP = 305
NSTEP = 306
NSTEP = 307
NSTEP = 308
NSTEP = 309
NSTEP = 310
NSTEP = 311
NSTEP = 312
NSTEP = 313
NSTEP = 314
NSTEP = 315
NSTEP = 316
NSTEP = 317
NSTEP = 318
NSTEP = 319
NSTEP = 320
NSTEP = 321
NSTEP = 322
NSTEP = 323
NSTEP = 324
NSTEP = 325
NSTEP = 326
NSTEP = 327
NSTEP = 328
NSTEP = 329
NSTEP = 330
NSTEP = 331
NSTEP = 332
NSTEP = 333
NSTEP = 334
NSTEP = 335
NSTEP = 336
NSTEP = 337
NSTEP = 338
NSTEP = 339
NSTEP = 340
NSTEP = 341
NSTEP = 342
NSTEP = 343
NSTEP = 344
NSTEP = 345
NSTEP = 346
NSTEP = 347
NSTEP = 348
NSTEP = 349
NSTEP = 350
NSTEP = 351
NSTEP = 352
NSTEP = 353
NSTEP = 354
NSTEP = 355
NSTEP = 356
NSTEP = 357
NSTEP = 358
NSTEP = 359
NSTEP = 360
NSTEP = 361
NSTEP = 362
NSTEP = 363
NSTEP = 364
NSTEP = 365
NSTEP = 366
NSTEP = 367
NSTEP = 368
NSTEP = 369
NSTEP = 370
NSTEP = 371
NSTEP = 372
NSTEP = 373
NSTEP = 374
NSTEP = 375
NSTEP = 376
NSTEP = 377
NSTEP = 378
NSTEP = 379
NSTEP = 380
NSTEP = 381
NSTEP = 382
NSTEP = 383
NSTEP = 384
NSTEP = 385
NSTEP = 386
NSTEP = 387
NSTEP = 388
NSTEP = 389
NSTEP = 390
NSTEP = 391
NSTEP = 392
NSTEP = 393
NSTEP = 394
NSTEP = 395
NSTEP = 396
NSTEP = 397
NSTEP = 398
NSTEP = 399
NSTEP = 400
NSTEP = 401
NSTEP = 402
NSTEP = 403
NSTEP = 404
NSTEP = 405
NSTEP = 406
NSTEP = 407
NSTEP = 408
NSTEP = 409
NSTEP = 410
NSTEP = 411
NSTEP = 412
NSTEP = 413
NSTEP = 414
NSTEP = 415
NSTEP = 416
NSTEP = 417
NSTEP = 418
NSTEP = 419
NSTEP = 420
NSTEP = 421
NSTEP = 422
NSTEP = 423
NSTEP = 424
NSTEP = 425
NSTEP = 426
NSTEP = 427
NSTEP = 428
NSTEP = 429
NSTEP = 430
NSTEP = 431
NSTEP = 432
NSTEP = 433
NSTEP = 434
NSTEP = 435
NSTEP = 436
NSTEP = 437
NSTEP = 438
NSTEP = 439
NSTEP = 440
NSTEP = 441
NSTEP = 442
NSTEP = 443
NSTEP = 444
NSTEP = 445
NSTEP = 446
NSTEP = 447
NSTEP = 448
NSTEP = 449
NSTEP = 450
NSTEP = 451
NSTEP = 452
NSTEP = 453
NSTEP = 454
NSTEP = 455
NSTEP = 456
NSTEP = 457
NSTEP = 458
NSTEP = 459
NSTEP = 460
NSTEP = 461
NSTEP = 462
NSTEP = 463
NSTEP = 464
NSTEP = 465
NSTEP = 466
NSTEP = 467
NSTEP = 468
NSTEP = 469
NSTEP = 470
NSTEP = 471
NSTEP = 472
NSTEP = 473
NSTEP = 474
NSTEP = 475
NSTEP = 476
NSTEP = 477
NSTEP = 478
NSTEP = 479
NSTEP = 480
NSTEP = 481
NSTEP = 482
NSTEP = 483
NSTEP = 484
NSTEP = 485
NSTEP = 486
NSTEP = 487
NSTEP = 488
NSTEP = 489
NSTEP = 490
NSTEP = 491
NSTEP = 492
NSTEP = 493
NSTEP = 494
NSTEP = 495
NSTEP = 496
NSTEP = 497
NSTEP = 498
NSTEP = 499
NSTEP = 500
NSTEP = 501
NSTEP = 502
NSTEP = 503
NSTEP = 504
NSTEP = 505
NSTEP = 506
NSTEP = 507
NSTEP = 508
NSTEP = 509
NSTEP = 510
NSTEP = 511
NSTEP = 512
NSTEP = 513
NSTEP = 514
NSTEP = 515
NSTEP = 516
NSTEP = 517
NSTEP = 518
NSTEP = 519
NSTEP = 520
NSTEP = 521
NSTEP = 522
NSTEP = 523
NSTEP = 524
NSTEP = 525
NSTEP = 526
NSTEP = 527
NSTEP = 528
NSTEP = 529
NSTEP = 530
NSTEP = 531
NSTEP = 532
NSTEP = 533
NSTEP = 534
NSTEP = 535
NSTEP = 536
NSTEP = 537
NSTEP = 538
NSTEP = 539
NSTEP = 540
NSTEP = 541
NSTEP = 542
NSTEP = 543
NSTEP = 544
NSTEP = 545
NSTEP = 546
NSTEP = 547
NSTEP = 548
NSTEP = 549
NSTEP = 550
NSTEP = 551
NSTEP = 552
NSTEP = 553
NSTEP = 554
NSTEP = 555
NSTEP = 556
NSTEP = 557
NSTEP = 558
NSTEP = 559
NSTEP = 560
NSTEP = 561
NSTEP = 562
NSTEP = 563
NSTEP = 564
NSTEP = 565
NSTEP = 566
NSTEP = 567
NSTEP = 568
NSTEP = 569
NSTEP = 570
NSTEP = 571
NSTEP = 572
NSTEP = 573
NSTEP = 574
NSTEP = 575
NSTEP = 576
NSTEP = 577
NSTEP = 578
NSTEP = 579
NSTEP = 580
NSTEP = 581
NSTEP = 582
NSTEP = 583
NSTEP = 584
NSTEP = 585
NSTEP = 586
NSTEP = 587
NSTEP = 588
NSTEP = 589
NSTEP = 590
NSTEP = 591
NSTEP = 592
NSTEP = 593
NSTEP = 594
NSTEP = 595
NSTEP = 596
NSTEP = 597
NSTEP = 598
NSTEP = 599
NSTEP = 600
NSTEP = 601
NSTEP = 602
NSTEP = 603
NSTEP = 604
NSTEP = 605
NSTEP = 606
NSTEP = 607
NSTEP = 608
NSTEP = 609
NSTEP = 610
NSTEP = 611
NSTEP = 612
NSTEP = 613
NSTEP = 614
NSTEP = 615
NSTEP = 616
NSTEP = 617
NSTEP = 618
NSTEP = 619
NSTEP = 620
NSTEP = 621
NSTEP = 622
NSTEP = 623
NSTEP = 624
NSTEP = 625
NSTEP = 626
NSTEP = 627
NSTEP = 628
NSTEP = 629
NSTEP = 630
NSTEP = 631
NSTEP = 632
NSTEP = 633
NSTEP = 634
NSTEP = 635
NSTEP = 636
NSTEP = 637
NSTEP = 638
NSTEP = 639
NSTEP = 640
NSTEP = 641
NSTEP = 642
NSTEP = 643
NSTEP = 644
NSTEP = 645
NSTEP = 646
NSTEP = 647
NSTEP = 648
NSTEP = 649
NSTEP = 650
NSTEP = 651
NSTEP = 652
NSTEP = 653
NSTEP = 654
NSTEP = 655
NSTEP = 656
NSTEP = 657
NSTEP = 658
NSTEP = 659
NSTEP = 660
NSTEP = 661
NSTEP = 662
NSTEP = 663
NSTEP = 664
NSTEP = 665
NSTEP = 666
NSTEP = 667
NSTEP = 668
NSTEP = 669
NSTEP = 670
NSTEP = 671
NSTEP = 672
NSTEP = 673
NSTEP = 674
NSTEP = 675
NSTEP = 676
NSTEP = 677
NSTEP = 678
NSTEP = 679
NSTEP = 680
NSTEP = 681
NSTEP = 682
NSTEP = 683
NSTEP = 684
NSTEP = 685
NSTEP = 686
NSTEP = 687
NSTEP = 688
NSTEP = 689
NSTEP = 690
NSTEP = 691
NSTEP = 692
NSTEP = 693
NSTEP = 694
NSTEP = 695
NSTEP = 696
NSTEP = 697
NSTEP = 698
NSTEP = 699
NSTEP = 700
NSTEP = 701
NSTEP = 702
NSTEP = 703
NSTEP = 704
NSTEP = 705
NSTEP = 706
NSTEP = 707
NSTEP = 708
NSTEP = 709
NSTEP = 710
NSTEP = 711
NSTEP = 712
NSTEP = 713
NSTEP = 714
NSTEP = 715
NSTEP = 716
NSTEP = 717
NSTEP = 718
NSTEP = 719
NSTEP = 720
NSTEP = 721
NSTEP = 722
NSTEP = 723
NSTEP = 724
NSTEP = 725
NSTEP = 726
NSTEP = 727
NSTEP = 728
NSTEP = 729
NSTEP = 730
NSTEP = 731
NSTEP = 732
NSTEP = 733
NSTEP = 734
NSTEP = 735
NSTEP = 736
NSTEP = 737
NSTEP = 738
NSTEP = 739
NSTEP = 740
NSTEP = 741
NSTEP = 742
NSTEP = 743
NSTEP = 744
NSTEP = 745
NSTEP = 746
NSTEP = 747
NSTEP = 748
NSTEP = 749
NSTEP = 750
NSTEP = 751
NSTEP = 752
NSTEP = 753
NSTEP = 754
NSTEP = 755
NSTEP = 756
NSTEP = 757
NSTEP = 758
NSTEP = 759
NSTEP = 760
NSTEP = 761
NSTEP = 762
NSTEP = 763
NSTEP = 764
NSTEP = 765
NSTEP = 766
NSTEP = 767
NSTEP = 768
NSTEP = 769
NSTEP = 770
NSTEP = 771
NSTEP = 772
NSTEP = 773
NSTEP = 774
NSTEP = 775
NSTEP = 776
NSTEP = 777
NSTEP = 778
NSTEP = 779
NSTEP = 780
NSTEP = 781
NSTEP = 782
NSTEP = 783
NSTEP = 784
NSTEP = 785
NSTEP = 786
NSTEP = 787
NSTEP = 788
NSTEP = 789
NSTEP = 790
NSTEP = 791
NSTEP = 792
NSTEP = 793
NSTEP = 794
NSTEP = 795
NSTEP = 796
NSTEP = 797
NSTEP = 798
NSTEP = 799
NSTEP = 800
NSTEP = 801
NSTEP = 802
NSTEP = 803
NSTEP = 804
NSTEP = 805
NSTEP = 806
NSTEP = 807
NSTEP = 808
NSTEP = 809
NSTEP = 810
NSTEP = 811
NSTEP = 812
NSTEP = 813
NSTEP = 814
NSTEP = 815
NSTEP = 816
NSTEP = 817
NSTEP = 818
NSTEP = 819
NSTEP = 820
NSTEP = 821
NSTEP = 822
NSTEP = 823
NSTEP = 824
NSTEP = 825
NSTEP = 826
NSTEP = 827
NSTEP = 828
NSTEP = 829
NSTEP = 830
NSTEP = 831
NSTEP = 832
NSTEP = 833
NSTEP = 834
NSTEP = 835
NSTEP = 836
NSTEP = 837
NSTEP = 838
NSTEP = 839
NSTEP = 840
NSTEP = 841
NSTEP = 842
NSTEP = 843
NSTEP = 844
NSTEP = 845
NSTEP = 846
NSTEP = 847
NSTEP = 848
NSTEP = 849
NSTEP = 850
NSTEP = 851
NSTEP = 852
NSTEP = 853
NSTEP = 854
NSTEP = 855
NSTEP = 856
NSTEP = 857
NSTEP = 858
NSTEP = 859
NSTEP = 860
NSTEP = 861
NSTEP = 862
NSTEP = 863
NSTEP = 864
NSTEP = 865
NSTEP = 866
NSTEP = 867
NSTEP = 868
NSTEP = 869
NSTEP = 870
NSTEP = 871
NSTEP = 872
NSTEP = 873
NSTEP = 874
NSTEP = 875
NSTEP = 876
NSTEP = 877
NSTEP = 878
NSTEP = 879
NSTEP = 880
NSTEP = 881
NSTEP = 882
NSTEP = 883
NSTEP = 884
NSTEP = 885
NSTEP = 886
NSTEP = 887
NSTEP = 888
NSTEP = 889
NSTEP = 890
NSTEP = 891
NSTEP = 892
NSTEP = 893
NSTEP = 894
NSTEP = 895
NSTEP = 896
NSTEP = 897
NSTEP = 898
NSTEP = 899
NSTEP = 900
NSTEP = 901
NSTEP = 902
NSTEP = 903
NSTEP = 904
NSTEP = 905
NSTEP = 906
NSTEP = 907
NSTEP = 908
NSTEP = 909
NSTEP = 910
NSTEP = 911
NSTEP = 912
NSTEP = 913
NSTEP = 914
NSTEP = 915
NSTEP = 916
NSTEP = 917
NSTEP = 918
NSTEP = 919
NSTEP = 920
NSTEP = 921
NSTEP = 922
NSTEP = 923
NSTEP = 924
NSTEP = 925
NSTEP = 926
NSTEP = 927
NSTEP = 928
NSTEP = 929
NSTEP = 930
NSTEP = 931
NSTEP = 932
NSTEP = 933
NSTEP = 934
NSTEP = 935
NSTEP = 936
NSTEP = 937
NSTEP = 938
NSTEP = 939
NSTEP = 940
NSTEP = 941
NSTEP = 942
NSTEP = 943
NSTEP = 944
NSTEP = 945
NSTEP = 946
NSTEP = 947
NSTEP = 948
NSTEP = 949
NSTEP = 950
NSTEP = 951
NSTEP = 952
NSTEP = 953
NSTEP = 954
NSTEP = 955
NSTEP = 956
NSTEP = 957
NSTEP = 958
NSTEP = 959
NSTEP = 960
NSTEP = 961
NSTEP = 962
NSTEP = 963
NSTEP = 964
NSTEP = 965
NSTEP = 966
NSTEP = 967
NSTEP = 968
NSTEP = 969
NSTEP = 970
NSTEP = 971
NSTEP = 972
NSTEP = 973
NSTEP = 974
NSTEP = 975
NSTEP = 976
NSTEP = 977
NSTEP = 978
NSTEP = 979
NSTEP = 980
NSTEP = 981
NSTEP = 982
NSTEP = 983
NSTEP = 984
NSTEP = 985
NSTEP = 986
NSTEP = 987
NSTEP = 988
NSTEP = 989
NSTEP = 990
NSTEP = 991
NSTEP = 992
NSTEP = 993
NSTEP = 994
NSTEP = 995
NSTEP = 996
NSTEP = 997
NSTEP = 998
NSTEP = 999
n = 500, simulation time = 2.71328 seconds
Application 61164227 resources: utime ~3s, stime ~0s, Rss ~16128, inblocks ~2609, outblocks ~8629

 + --------------------------------------------------------------------------
 +        Job name: job-hopper-serial
 +          Job Id: 13574146.hopque01
 +          System: hopper
 +     Queued Time: Wed Nov 11 01:33:28 2015
 +      Start Time: Wed Nov 11 01:34:33 2015
 + Completion Time: Wed Nov 11 01:34:38 2015
 +            User: crashh
 +        MOM Host: nid04754
 +           Queue: debug
 +  Req. Resources: mppdepth=1,mppnodect=1,mppnppn=1,mppwidth=1,walltime=00:10:00
 +  Used Resources: cput=00:00:00,energy_used=0,mem=5760kb,vmem=135176kb,walltime=00:00:08
 +     Acct String: m947
 +   PBS_O_WORKDIR: /global/u1/c/crashh/DM818-Mandatory-Assignment-2/sources/hopper
 +     Submit Args: job-hopper-serial
 + --------------------------------------------------------------------------

